
--- Running: Main Simulation Program ---
Command: ./bin/simulation -drift 1.0 -growth 0.0 -evol 1.0 -twopop 0.0 -ufrag 1000.0 -ffrag 0.37 -n 1000 -ri 1.0 -ro 50.0 -sigma0_init 0.0001 -index_init -0.5 -alpha_init 0.01 -m0_init 1.0 -h_init 0.05 -flind_init 0.0 -rdzei 5.0 -rdzeo 24.0 -drdzei 0.1 -drdzeo 0.5 -amod 0.01 -o output -tStep 0.0 -tmax 5.0e7 -outfreq 500000 -curr 0.0 -eps 0.01 -ratio 0.85 -mic 0.0001 -onesize 1.0 -pdensity 1.6
DEBUG [create_default_options]: Setting default values for options_t.
Default options setting complete.
DEBUG [parse_options]: Parsing command-line arguments (61 total).
DEBUG [parse_options]: Command-line parsing complete.
DEBUG [main]: def.output_dir_name BEFORE sim_opts population: 'output'
DEBUG [main]: Evolution (sim_opts.evol=1.00) or drift (sim_opts.drift=1.00) is ON. Starting main simulation loop.
DEBUG [Mk_Dir]: Directory 'output_0046' created successfully.
DEBUG [main]: After Mk_Dir (base dir), def.output_dir_name is now: 'output_0046'
DEBUG [Mk_Dir]: Directory 'output_0046/config' created successfully.
DEBUG [main]: logs_dir_path assembled as: 'output_0046/LOGS'
DEBUG [Mk_Dir]: Directory 'output_0046/LOGS' created successfully.
DEBUG [main]: sim_opts.output_dir_name AFTER population: 'output_0046'
Output subdirectories created.
DEBUG [main]: No input file specified (-i flag not used). Generating default grid and profile.
DEBUG [main]: init_tool_options_t (init_tool_params) structure populated for profile generation.
DEBUG [main]: Calling run_init_tool(&init_tool_params, &disk_params)...
DEBUG [disk_param_be]: Calculating derived disk parameters and writing to output file.
DEBUG [disk_param_be]: Calculated PDENSITY = 1.60e+00, PDENSITYDIMLESS = 2.69e+06.
DEBUG [main]: run_init_tool completed. disk_params allocated and populated.
DEBUG [main]: Generated GAS profile will be loaded from 'output_0046/config/initial_gas_profile.dat'.
DEBUG [main]: NGRID updated from generated file: 1000. DD calculated as 4.9049e-02.
DEBUG [main]: sim_opts.input_filename set to 'output_0046/config/initial_gas_profile.dat' for tIntegrate (gas profile).
DEBUG [main]: sim_opts.dust_input_filename set to 'output_0046/config/initial_dust_profile.dat' for tIntegrate (dust profile).
DEBUG [main]: Global PARTICLE_NUMBER set to 1000 (from disk_params.NGRID).
DEBUG [main]: Initial profile loading for sigIn...
DEBUG [main]: sigIn completed. Calling Perem for disk_params.rvec and disk_params.sigmavec...
DEBUG [main]: Perem calls completed for initial profile.
DEBUG [main]: Calling infoCurrent...
DEBUG [infoCurrent]: Attempting to open file: 'output_0046/run_0.dat'
DEBUG [main]: Evolution (sim_opts.evol=1.00) or drift (sim_opts.drift=1.00) is ON. Starting main simulation loop.
DEBUG [main]: Calling tIntegrate...
DEBUG [tIntegrate]: Function entry. disk_params address=0x7ff7b0e970e0, sim_opts address=0x7ff7b0e91090
DEBUG [tIntegrate]:   sim_opts->output_dir_name = 'output_0046'
DEBUG [tIntegrate]:   disk_params->FLIND = 0.00, disk_params->HASP = 0.05
DEBUG [tIntegrate]: Particle drift is ON. Counting particles from 'output_0046/config/initial_dust_profile.dat'.
DEBUG [tIntegrate]: PARTICLE_NUMBER set to 1000.
DEBUG [tIntegrate]: PARTICLE_NUMBER calculated by reszecskek_szama is: 1000
Using explicit Sigma0 (gas surface density at 1 AU): 0.0001 M_Sun/AU^2
Surface density profile exponent: 0.5

--- Simulation Parameters ---
Total dust disk mass (Solar Mass): 0.01
Inner disk edge (AU): 1
Outer disk edge (AU): 50
Surface density profile exponent: 0.5
Snowline position (AU): 2.7
Ice factor beyond snowline: 3
Gas surface density at 1 AU (Solar Mass/AU^2): 0.0001
Dust to gas ratio: 0.01
Number of representative particles: 1000
Dust particle density (g/cm^3): 1.6
------------------------------

Particle data file created (output_0046/config/initial_dust_profile.dat). Writing disk parameters file!

Disk parameters file created (output_0046/config/disk_config.dat).

Main Simulation Program completed successfully.

All programs completed successfully.
